[2023-07-02T22:06:39.099+0530] {taskinstance.py:1103} INFO - Dependencies all met for dep_context=non-requeueable deps ti=<TaskInstance: load_data_dag.run_etl manual__2023-07-02T16:36:31.018999+00:00 [queued]>
[2023-07-02T22:06:39.112+0530] {taskinstance.py:1103} INFO - Dependencies all met for dep_context=requeueable deps ti=<TaskInstance: load_data_dag.run_etl manual__2023-07-02T16:36:31.018999+00:00 [queued]>
[2023-07-02T22:06:39.112+0530] {taskinstance.py:1308} INFO - Starting attempt 1 of 2
[2023-07-02T22:06:39.129+0530] {taskinstance.py:1327} INFO - Executing <Task(BashOperator): run_etl> on 2023-07-02 16:36:31.018999+00:00
[2023-07-02T22:06:39.141+0530] {standard_task_runner.py:57} INFO - Started process 937 to run task
[2023-07-02T22:06:39.150+0530] {standard_task_runner.py:84} INFO - Running: ['airflow', 'tasks', 'run', 'load_data_dag', 'run_etl', 'manual__2023-07-02T16:36:31.018999+00:00', '--job-id', '35', '--raw', '--subdir', 'DAGS_FOLDER/load_data_dag.py', '--cfg-path', '/var/folders/1q/9_fjtq3x20g5lbhb24f74l380000gn/T/tmpgx1oo9vr']
[2023-07-02T22:06:39.156+0530] {standard_task_runner.py:85} INFO - Job 35: Subtask run_etl
[2023-07-02T22:06:39.226+0530] {task_command.py:410} INFO - Running <TaskInstance: load_data_dag.run_etl manual__2023-07-02T16:36:31.018999+00:00 [running]> on host shubhams-macbook-air.local
[2023-07-02T22:06:39.323+0530] {taskinstance.py:1545} INFO - Exporting env vars: AIRFLOW_CTX_DAG_EMAIL='your-email@example.com' AIRFLOW_CTX_DAG_OWNER='admin' AIRFLOW_CTX_DAG_ID='load_data_dag' AIRFLOW_CTX_TASK_ID='run_etl' AIRFLOW_CTX_EXECUTION_DATE='2023-07-02T16:36:31.018999+00:00' AIRFLOW_CTX_TRY_NUMBER='1' AIRFLOW_CTX_DAG_RUN_ID='manual__2023-07-02T16:36:31.018999+00:00'
[2023-07-02T22:06:39.336+0530] {subprocess.py:63} INFO - Tmp dir root location: /var/folders/1q/9_fjtq3x20g5lbhb24f74l380000gn/T
[2023-07-02T22:06:39.337+0530] {subprocess.py:75} INFO - Running command: ['/bin/bash', '-c', 'curl http://localhost:8000/load-data']
[2023-07-02T22:06:39.351+0530] {subprocess.py:86} INFO - Output:
[2023-07-02T22:06:39.433+0530] {subprocess.py:93} INFO -   % Total    % Received % Xferd  Average Speed   Time    Time     Time  Current
[2023-07-02T22:06:39.434+0530] {subprocess.py:93} INFO -                                  Dload  Upload   Total   Spent    Left  Speed
[2023-07-02T22:06:51.041+0530] {subprocess.py:93} INFO -   0     0    0     0    0     0      0      0 --:--:-- --:--:-- --:--:--     0  0     0    0     0    0     0      0      0 --:--:-- --:--:-- --:--:--     0  0     0    0     0    0     0      0      0 --:--:--  0:00:01 --:--:--     0  0     0    0     0    0     0      0      0 --:--:--  0:00:02 --:--:--     0  0     0    0     0    0     0      0      0 --:--:--  0:00:03 --:--:--     0  0     0    0     0    0     0      0      0 --:--:--  0:00:04 --:--:--     0  0     0    0     0    0     0      0      0 --:--:--  0:00:05 --:--:--     0  0     0    0     0    0     0      0      0 --:--:--  0:00:06 --:--:--     0  0     0    0     0    0     0      0      0 --:--:--  0:00:07 --:--:--     0  0     0    0     0    0     0      0      0 --:--:--  0:00:08 --:--:--     0  0     0    0     0    0     0      0      0 --:--:--  0:00:09 --:--:--     0  0     0    0     0    0     0      0      0 --:--:--  0:00:10 --:--:--     0  0     0    0     0    0     0      0      0 --:--:--  0:00:11 --:--:--     0100    34  100    34    0     0      2      0  0:00:17  0:00:11  0:00:06     7
[2023-07-02T22:06:51.044+0530] {subprocess.py:93} INFO - {"message":"Data loading started"}
[2023-07-02T22:06:51.045+0530] {subprocess.py:97} INFO - Command exited with return code 0
[2023-07-02T22:06:51.079+0530] {taskinstance.py:1345} INFO - Marking task as SUCCESS. dag_id=load_data_dag, task_id=run_etl, execution_date=20230702T163631, start_date=20230702T163639, end_date=20230702T163651
[2023-07-02T22:06:51.115+0530] {local_task_job_runner.py:225} INFO - Task exited with return code 0
[2023-07-02T22:06:51.292+0530] {taskinstance.py:2653} INFO - 0 downstream tasks scheduled from follow-on schedule check
