[2023-07-04T21:25:49.738+0530] {taskinstance.py:1103} INFO - Dependencies all met for dep_context=non-requeueable deps ti=<TaskInstance: stackexchange_elt.api_extract_load manual__2023-07-04T15:55:44.311095+00:00 [queued]>
[2023-07-04T21:25:49.742+0530] {taskinstance.py:1103} INFO - Dependencies all met for dep_context=requeueable deps ti=<TaskInstance: stackexchange_elt.api_extract_load manual__2023-07-04T15:55:44.311095+00:00 [queued]>
[2023-07-04T21:25:49.742+0530] {taskinstance.py:1308} INFO - Starting attempt 1 of 2
[2023-07-04T21:25:49.752+0530] {taskinstance.py:1327} INFO - Executing <Task(BashOperator): api_extract_load> on 2023-07-04 15:55:44.311095+00:00
[2023-07-04T21:25:49.755+0530] {standard_task_runner.py:57} INFO - Started process 13081 to run task
[2023-07-04T21:25:49.760+0530] {standard_task_runner.py:84} INFO - Running: ['airflow', 'tasks', 'run', 'stackexchange_elt', 'api_extract_load', 'manual__2023-07-04T15:55:44.311095+00:00', '--job-id', '55', '--raw', '--subdir', 'DAGS_FOLDER/load_data_dag.py', '--cfg-path', '/var/folders/1q/9_fjtq3x20g5lbhb24f74l380000gn/T/tmph2z5xso8']
[2023-07-04T21:25:49.764+0530] {standard_task_runner.py:85} INFO - Job 55: Subtask api_extract_load
[2023-07-04T21:25:49.798+0530] {task_command.py:410} INFO - Running <TaskInstance: stackexchange_elt.api_extract_load manual__2023-07-04T15:55:44.311095+00:00 [running]> on host shubhams-macbook-air.local
[2023-07-04T21:25:49.833+0530] {taskinstance.py:1545} INFO - Exporting env vars: AIRFLOW_CTX_DAG_EMAIL='your-email@example.com' AIRFLOW_CTX_DAG_OWNER='admin' AIRFLOW_CTX_DAG_ID='stackexchange_elt' AIRFLOW_CTX_TASK_ID='api_extract_load' AIRFLOW_CTX_EXECUTION_DATE='2023-07-04T15:55:44.311095+00:00' AIRFLOW_CTX_TRY_NUMBER='1' AIRFLOW_CTX_DAG_RUN_ID='manual__2023-07-04T15:55:44.311095+00:00'
[2023-07-04T21:25:49.835+0530] {subprocess.py:63} INFO - Tmp dir root location: /var/folders/1q/9_fjtq3x20g5lbhb24f74l380000gn/T
[2023-07-04T21:25:49.836+0530] {subprocess.py:75} INFO - Running command: ['/bin/bash', '-c', 'curl http://localhost:8000/ap1/v1/load-data']
[2023-07-04T21:25:49.847+0530] {subprocess.py:86} INFO - Output:
[2023-07-04T21:25:49.867+0530] {subprocess.py:93} INFO -   % Total    % Received % Xferd  Average Speed   Time    Time     Time  Current
[2023-07-04T21:25:49.868+0530] {subprocess.py:93} INFO -                                  Dload  Upload   Total   Spent    Left  Speed
[2023-07-04T21:25:49.872+0530] {subprocess.py:93} INFO -   0     0    0     0    0     0      0      0 --:--:-- --:--:-- --:--:--     0100    22  100    22    0     0   2488      0 --:--:-- --:--:-- --:--:--  5500
[2023-07-04T21:25:49.872+0530] {subprocess.py:93} INFO - {"detail":"Not Found"}
[2023-07-04T21:25:49.873+0530] {subprocess.py:97} INFO - Command exited with return code 0
[2023-07-04T21:25:49.891+0530] {taskinstance.py:1345} INFO - Marking task as SUCCESS. dag_id=stackexchange_elt, task_id=api_extract_load, execution_date=20230704T155544, start_date=20230704T155549, end_date=20230704T155549
[2023-07-04T21:25:49.912+0530] {local_task_job_runner.py:225} INFO - Task exited with return code 0
[2023-07-04T21:25:49.927+0530] {taskinstance.py:2653} INFO - 1 downstream tasks scheduled from follow-on schedule check
