[2023-07-05T17:43:17.838+0530] {taskinstance.py:1103} INFO - Dependencies all met for dep_context=non-requeueable deps ti=<TaskInstance: stackexchange_elt.api_extract_load manual__2023-07-05T12:13:11.144301+00:00 [queued]>
[2023-07-05T17:43:17.843+0530] {taskinstance.py:1103} INFO - Dependencies all met for dep_context=requeueable deps ti=<TaskInstance: stackexchange_elt.api_extract_load manual__2023-07-05T12:13:11.144301+00:00 [queued]>
[2023-07-05T17:43:17.843+0530] {taskinstance.py:1308} INFO - Starting attempt 1 of 2
[2023-07-05T17:43:17.853+0530] {taskinstance.py:1327} INFO - Executing <Task(BashOperator): api_extract_load> on 2023-07-05 12:13:11.144301+00:00
[2023-07-05T17:43:17.856+0530] {standard_task_runner.py:57} INFO - Started process 75365 to run task
[2023-07-05T17:43:17.860+0530] {standard_task_runner.py:84} INFO - Running: ['airflow', 'tasks', 'run', 'stackexchange_elt', 'api_extract_load', 'manual__2023-07-05T12:13:11.144301+00:00', '--job-id', '70', '--raw', '--subdir', 'DAGS_FOLDER/load_data_dag.py', '--cfg-path', '/var/folders/1q/9_fjtq3x20g5lbhb24f74l380000gn/T/tmpzc6rtsnk']
[2023-07-05T17:43:17.862+0530] {standard_task_runner.py:85} INFO - Job 70: Subtask api_extract_load
[2023-07-05T17:43:17.902+0530] {task_command.py:410} INFO - Running <TaskInstance: stackexchange_elt.api_extract_load manual__2023-07-05T12:13:11.144301+00:00 [running]> on host shubhams-macbook-air.local
[2023-07-05T17:43:17.962+0530] {taskinstance.py:1545} INFO - Exporting env vars: AIRFLOW_CTX_DAG_EMAIL='your-email@example.com' AIRFLOW_CTX_DAG_OWNER='admin' AIRFLOW_CTX_DAG_ID='stackexchange_elt' AIRFLOW_CTX_TASK_ID='api_extract_load' AIRFLOW_CTX_EXECUTION_DATE='2023-07-05T12:13:11.144301+00:00' AIRFLOW_CTX_TRY_NUMBER='1' AIRFLOW_CTX_DAG_RUN_ID='manual__2023-07-05T12:13:11.144301+00:00'
[2023-07-05T17:43:17.965+0530] {subprocess.py:63} INFO - Tmp dir root location: /var/folders/1q/9_fjtq3x20g5lbhb24f74l380000gn/T
[2023-07-05T17:43:17.966+0530] {subprocess.py:75} INFO - Running command: ['/bin/bash', '-c', 'curl http://localhost:8000/ap1/v1/load-data']
[2023-07-05T17:43:17.973+0530] {subprocess.py:86} INFO - Output:
[2023-07-05T17:43:18.024+0530] {subprocess.py:93} INFO -   % Total    % Received % Xferd  Average Speed   Time    Time     Time  Current
[2023-07-05T17:43:18.025+0530] {subprocess.py:93} INFO -                                  Dload  Upload   Total   Spent    Left  Speed
[2023-07-05T17:43:18.032+0530] {subprocess.py:93} INFO -   0     0    0     0    0     0      0      0 --:--:-- --:--:-- --:--:--     0100    22  100    22    0     0   1686      0 --:--:-- --:--:-- --:--:--  3142
[2023-07-05T17:43:18.032+0530] {subprocess.py:93} INFO - {"detail":"Not Found"}
[2023-07-05T17:43:18.033+0530] {subprocess.py:97} INFO - Command exited with return code 0
[2023-07-05T17:43:18.051+0530] {taskinstance.py:1345} INFO - Marking task as SUCCESS. dag_id=stackexchange_elt, task_id=api_extract_load, execution_date=20230705T121311, start_date=20230705T121317, end_date=20230705T121318
[2023-07-05T17:43:18.102+0530] {local_task_job_runner.py:225} INFO - Task exited with return code 0
[2023-07-05T17:43:18.137+0530] {taskinstance.py:2653} INFO - 1 downstream tasks scheduled from follow-on schedule check
