[2023-07-03T05:40:14.584+0530] {taskinstance.py:1103} INFO - Dependencies all met for dep_context=non-requeueable deps ti=<TaskInstance: load_data_dag.run_etl scheduled__2023-07-02T00:00:00+00:00 [queued]>
[2023-07-03T05:40:14.588+0530] {taskinstance.py:1103} INFO - Dependencies all met for dep_context=requeueable deps ti=<TaskInstance: load_data_dag.run_etl scheduled__2023-07-02T00:00:00+00:00 [queued]>
[2023-07-03T05:40:14.588+0530] {taskinstance.py:1308} INFO - Starting attempt 1 of 2
[2023-07-03T05:40:14.602+0530] {taskinstance.py:1327} INFO - Executing <Task(BashOperator): run_etl> on 2023-07-02 00:00:00+00:00
[2023-07-03T05:40:14.614+0530] {standard_task_runner.py:57} INFO - Started process 37869 to run task
[2023-07-03T05:40:14.625+0530] {standard_task_runner.py:84} INFO - Running: ['airflow', 'tasks', 'run', 'load_data_dag', 'run_etl', 'scheduled__2023-07-02T00:00:00+00:00', '--job-id', '37', '--raw', '--subdir', 'DAGS_FOLDER/load_data_dag.py', '--cfg-path', '/var/folders/1q/9_fjtq3x20g5lbhb24f74l380000gn/T/tmpkk8iv3qd']
[2023-07-03T05:40:14.628+0530] {standard_task_runner.py:85} INFO - Job 37: Subtask run_etl
[2023-07-03T05:40:14.652+0530] {task_command.py:410} INFO - Running <TaskInstance: load_data_dag.run_etl scheduled__2023-07-02T00:00:00+00:00 [running]> on host shubhams-macbook-air.local
[2023-07-03T05:40:14.680+0530] {taskinstance.py:1545} INFO - Exporting env vars: AIRFLOW_CTX_DAG_EMAIL='your-email@example.com' AIRFLOW_CTX_DAG_OWNER='admin' AIRFLOW_CTX_DAG_ID='load_data_dag' AIRFLOW_CTX_TASK_ID='run_etl' AIRFLOW_CTX_EXECUTION_DATE='2023-07-02T00:00:00+00:00' AIRFLOW_CTX_TRY_NUMBER='1' AIRFLOW_CTX_DAG_RUN_ID='scheduled__2023-07-02T00:00:00+00:00'
[2023-07-03T05:40:14.681+0530] {subprocess.py:63} INFO - Tmp dir root location: /var/folders/1q/9_fjtq3x20g5lbhb24f74l380000gn/T
[2023-07-03T05:40:14.681+0530] {subprocess.py:75} INFO - Running command: ['/bin/bash', '-c', 'curl http://localhost:8000/load-data']
[2023-07-03T05:40:14.688+0530] {subprocess.py:86} INFO - Output:
[2023-07-03T05:40:14.724+0530] {subprocess.py:93} INFO -   % Total    % Received % Xferd  Average Speed   Time    Time     Time  Current
[2023-07-03T05:40:14.725+0530] {subprocess.py:93} INFO -                                  Dload  Upload   Total   Spent    Left  Speed
[2023-07-03T05:55:44.591+0530] {subprocess.py:93} INFO -   0     0    0     0    0     0      0      0 --:--:-- --:--:-- --:--:--     0  0     0    0     0    0     0      0      0 --:--:--  0:15:29 --:--:--     0100    21    0    21    0     0      0      0 --:--:--  0:15:29 --:--:--     0100    21    0    21    0     0      0      0 --:--:--  0:15:29 --:--:--     0
[2023-07-03T05:55:44.592+0530] {subprocess.py:93} INFO - Internal Server Error
[2023-07-03T05:55:44.593+0530] {subprocess.py:97} INFO - Command exited with return code 0
[2023-07-03T05:55:44.611+0530] {taskinstance.py:1345} INFO - Marking task as SUCCESS. dag_id=load_data_dag, task_id=run_etl, execution_date=20230702T000000, start_date=20230703T001014, end_date=20230703T002544
[2023-07-03T05:55:44.660+0530] {local_task_job_runner.py:225} INFO - Task exited with return code 0
[2023-07-03T05:55:44.672+0530] {taskinstance.py:2653} INFO - 0 downstream tasks scheduled from follow-on schedule check
