[0m00:30:41.079575 [debug] [MainThread]: Sending event: {'category': 'dbt', 'action': 'invocation', 'label': 'start', 'context': [<snowplow_tracker.self_describing_json.SelfDescribingJson object at 0x111583850>, <snowplow_tracker.self_describing_json.SelfDescribingJson object at 0x11160a450>, <snowplow_tracker.self_describing_json.SelfDescribingJson object at 0x111894890>]}


============================== 00:30:41.083709 | 45c2c341-25ec-43bd-ac00-2eeefd750984 ==============================
[0m00:30:41.083709 [info ] [MainThread]: Running with dbt=1.5.2
[0m00:30:41.084122 [debug] [MainThread]: running dbt with arguments {'printer_width': '80', 'indirect_selection': 'eager', 'write_json': 'True', 'log_cache_events': 'False', 'partial_parse': 'True', 'cache_selected_only': 'False', 'profiles_dir': '/Users/shubhampriyadarshi/.dbt', 'version_check': 'True', 'fail_fast': 'False', 'log_path': 'logs', 'warn_error': 'None', 'debug': 'False', 'use_colors': 'True', 'use_experimental_parser': 'False', 'no_print': 'None', 'quiet': 'False', 'log_format': 'default', 'introspect': 'True', 'static_parser': 'True', 'warn_error_options': 'WarnErrorOptions(include=[], exclude=[])', 'target_path': 'None', 'send_anonymous_usage_stats': 'True'}
[0m00:30:41.084483 [warn ] [MainThread]: [ConfigFolderDirectory]: Unable to parse dict {'dir': PosixPath('/Users/shubhampriyadarshi/.dbt')}
[0m00:30:41.084718 [info ] [MainThread]: Creating dbt configuration folder at 
[0m00:30:41.085476 [debug] [MainThread]: Starter project path: /Users/shubhampriyadarshi/PycharmProjects/PacktAPI/venv/lib/python3.11/site-packages/dbt/include/starter_project
[0m00:32:34.771698 [info ] [MainThread]: Profile pkt_stackexchange written to /Users/shubhampriyadarshi/.dbt/profiles.yml using target's profile_template.yml and your supplied values. Run 'dbt debug' to validate the connection.
[0m00:32:34.773479 [info ] [MainThread]: 
Your new dbt project "pkt_stackexchange" was created!

For more information on how to configure the profiles.yml file,
please consult the dbt documentation here:

  https://docs.getdbt.com/docs/configure-your-profile

One more thing:

Need help? Don't hesitate to reach out to us via GitHub issues or on Slack:

  https://community.getdbt.com/

Happy modeling!

[0m00:32:34.774970 [debug] [MainThread]: Command `dbt init` succeeded at 00:32:34.774684 after 113.70 seconds
[0m00:32:34.775517 [debug] [MainThread]: Sending event: {'category': 'dbt', 'action': 'invocation', 'label': 'end', 'context': [<snowplow_tracker.self_describing_json.SelfDescribingJson object at 0x111575250>, <snowplow_tracker.self_describing_json.SelfDescribingJson object at 0x111608610>, <snowplow_tracker.self_describing_json.SelfDescribingJson object at 0x104c451d0>]}
[0m00:32:34.776108 [debug] [MainThread]: Flushing usage events
[0m00:34:32.020313 [debug] [MainThread]: Sending event: {'category': 'dbt', 'action': 'invocation', 'label': 'start', 'context': [<snowplow_tracker.self_describing_json.SelfDescribingJson object at 0x1070a6ad0>, <snowplow_tracker.self_describing_json.SelfDescribingJson object at 0x107000890>, <snowplow_tracker.self_describing_json.SelfDescribingJson object at 0x10760a050>]}


============================== 00:34:32.024673 | 0d5e56a4-b4d1-43fc-a365-c6ae93d3d820 ==============================
[0m00:34:32.024673 [info ] [MainThread]: Running with dbt=1.5.2
[0m00:34:32.025130 [debug] [MainThread]: running dbt with arguments {'printer_width': '80', 'indirect_selection': 'eager', 'write_json': 'True', 'log_cache_events': 'False', 'partial_parse': 'True', 'cache_selected_only': 'False', 'profiles_dir': '/Users/shubhampriyadarshi/.dbt', 'debug': 'False', 'fail_fast': 'False', 'log_path': 'logs', 'warn_error': 'None', 'version_check': 'True', 'use_colors': 'True', 'use_experimental_parser': 'False', 'no_print': 'None', 'quiet': 'False', 'warn_error_options': 'WarnErrorOptions(include=[], exclude=[])', 'introspect': 'True', 'log_format': 'default', 'static_parser': 'True', 'target_path': 'None', 'send_anonymous_usage_stats': 'True'}
[0m00:35:11.115603 [debug] [MainThread]: Starter project path: /Users/shubhampriyadarshi/PycharmProjects/PacktAPI/venv/lib/python3.11/site-packages/dbt/include/starter_project
[0m00:35:56.026544 [info ] [MainThread]: Profile stackexchange_pkt written to /Users/shubhampriyadarshi/.dbt/profiles.yml using target's profile_template.yml and your supplied values. Run 'dbt debug' to validate the connection.
[0m00:35:56.027525 [info ] [MainThread]: 
Your new dbt project "stackexchange_pkt" was created!

For more information on how to configure the profiles.yml file,
please consult the dbt documentation here:

  https://docs.getdbt.com/docs/configure-your-profile

One more thing:

Need help? Don't hesitate to reach out to us via GitHub issues or on Slack:

  https://community.getdbt.com/

Happy modeling!

[0m00:35:56.028065 [debug] [MainThread]: Command `dbt init` succeeded at 00:35:56.027940 after 84.04 seconds
[0m00:35:56.028682 [debug] [MainThread]: Sending event: {'category': 'dbt', 'action': 'invocation', 'label': 'end', 'context': [<snowplow_tracker.self_describing_json.SelfDescribingJson object at 0x1072de7d0>, <snowplow_tracker.self_describing_json.SelfDescribingJson object at 0x1026599d0>, <snowplow_tracker.self_describing_json.SelfDescribingJson object at 0x10265b690>]}
[0m00:35:56.029159 [debug] [MainThread]: Flushing usage events
[0m00:37:04.346989 [debug] [MainThread]: Sending event: {'category': 'dbt', 'action': 'invocation', 'label': 'start', 'context': [<snowplow_tracker.self_describing_json.SelfDescribingJson object at 0x106baabd0>, <snowplow_tracker.self_describing_json.SelfDescribingJson object at 0x106ba9a90>, <snowplow_tracker.self_describing_json.SelfDescribingJson object at 0x106c5c810>]}


============================== 00:37:04.351111 | ea8e23ac-c0c2-4dfb-844b-6628a1d50db1 ==============================
[0m00:37:04.351111 [info ] [MainThread]: Running with dbt=1.5.2
[0m00:37:04.351556 [debug] [MainThread]: running dbt with arguments {'printer_width': '80', 'indirect_selection': 'eager', 'log_cache_events': 'False', 'write_json': 'True', 'partial_parse': 'True', 'cache_selected_only': 'False', 'profiles_dir': '/Users/shubhampriyadarshi/.dbt', 'version_check': 'True', 'warn_error': 'None', 'log_path': 'logs', 'fail_fast': 'False', 'debug': 'False', 'use_colors': 'True', 'use_experimental_parser': 'False', 'no_print': 'None', 'quiet': 'False', 'warn_error_options': 'WarnErrorOptions(include=[], exclude=[])', 'introspect': 'True', 'log_format': 'default', 'static_parser': 'True', 'target_path': 'None', 'send_anonymous_usage_stats': 'True'}
[0m00:37:04.351971 [error] [MainThread]: Encountered an error:
Runtime Error
  No dbt_project.yml found at expected path /Users/shubhampriyadarshi/PycharmProjects/PacktAPI/dbt_project.yml
  Verify that each entry within packages.yml (and their transitive dependencies) contains a file named dbt_project.yml
  
[0m00:37:04.352399 [debug] [MainThread]: Command `dbt list` failed at 00:37:04.352306 after 0.03 seconds
[0m00:37:04.352623 [debug] [MainThread]: Sending event: {'category': 'dbt', 'action': 'invocation', 'label': 'end', 'context': [<snowplow_tracker.self_describing_json.SelfDescribingJson object at 0x106e63b10>, <snowplow_tracker.self_describing_json.SelfDescribingJson object at 0x106ba9a90>, <snowplow_tracker.self_describing_json.SelfDescribingJson object at 0x10683bad0>]}
[0m00:37:04.352859 [debug] [MainThread]: Flushing usage events
[0m00:37:23.676395 [debug] [MainThread]: Sending event: {'category': 'dbt', 'action': 'invocation', 'label': 'start', 'context': [<snowplow_tracker.self_describing_json.SelfDescribingJson object at 0x10a882090>, <snowplow_tracker.self_describing_json.SelfDescribingJson object at 0x10a92bd90>, <snowplow_tracker.self_describing_json.SelfDescribingJson object at 0x10a892990>]}


============================== 00:37:23.680388 | 10ea2b56-f40e-4ca3-a3b6-87a1ef70442c ==============================
[0m00:37:23.680388 [info ] [MainThread]: Running with dbt=1.5.2
[0m00:37:23.680817 [debug] [MainThread]: running dbt with arguments {'printer_width': '80', 'indirect_selection': 'eager', 'log_cache_events': 'False', 'write_json': 'True', 'partial_parse': 'True', 'cache_selected_only': 'False', 'warn_error': 'None', 'fail_fast': 'False', 'version_check': 'True', 'log_path': 'logs', 'profiles_dir': '/Users/shubhampriyadarshi/.dbt', 'debug': 'False', 'use_colors': 'True', 'use_experimental_parser': 'False', 'no_print': 'None', 'quiet': 'False', 'log_format': 'default', 'static_parser': 'True', 'warn_error_options': 'WarnErrorOptions(include=[], exclude=[])', 'introspect': 'True', 'target_path': 'None', 'send_anonymous_usage_stats': 'True'}
[0m00:37:33.528765 [debug] [MainThread]: Starter project path: /Users/shubhampriyadarshi/PycharmProjects/PacktAPI/venv/lib/python3.11/site-packages/dbt/include/starter_project
[0m00:38:22.452580 [info ] [MainThread]: Profile dbt_se written to /Users/shubhampriyadarshi/.dbt/profiles.yml using target's profile_template.yml and your supplied values. Run 'dbt debug' to validate the connection.
[0m00:38:22.453495 [info ] [MainThread]: 
Your new dbt project "dbt_se" was created!

For more information on how to configure the profiles.yml file,
please consult the dbt documentation here:

  https://docs.getdbt.com/docs/configure-your-profile

One more thing:

Need help? Don't hesitate to reach out to us via GitHub issues or on Slack:

  https://community.getdbt.com/

Happy modeling!

[0m00:38:22.454433 [debug] [MainThread]: Command `dbt init` succeeded at 00:38:22.454229 after 58.79 seconds
[0m00:38:22.454878 [debug] [MainThread]: Sending event: {'category': 'dbt', 'action': 'invocation', 'label': 'end', 'context': [<snowplow_tracker.self_describing_json.SelfDescribingJson object at 0x10ac20850>, <snowplow_tracker.self_describing_json.SelfDescribingJson object at 0x10b27e910>, <snowplow_tracker.self_describing_json.SelfDescribingJson object at 0x1042bd550>]}
[0m00:38:22.455340 [debug] [MainThread]: Flushing usage events
[0m00:44:36.313390 [debug] [MainThread]: Sending event: {'category': 'dbt', 'action': 'invocation', 'label': 'start', 'context': [<snowplow_tracker.self_describing_json.SelfDescribingJson object at 0x10710eed0>, <snowplow_tracker.self_describing_json.SelfDescribingJson object at 0x1051974d0>, <snowplow_tracker.self_describing_json.SelfDescribingJson object at 0x1070b0890>]}


============================== 00:44:36.318961 | cc80cc41-75d4-45fb-8b58-d2f8c9b200ed ==============================
[0m00:44:36.318961 [info ] [MainThread]: Running with dbt=1.5.2
[0m00:44:36.319445 [debug] [MainThread]: running dbt with arguments {'printer_width': '80', 'indirect_selection': 'eager', 'write_json': 'True', 'log_cache_events': 'False', 'partial_parse': 'True', 'cache_selected_only': 'False', 'profiles_dir': '/Users/shubhampriyadarshi/.dbt', 'debug': 'False', 'fail_fast': 'False', 'log_path': 'logs', 'warn_error': 'None', 'version_check': 'True', 'use_colors': 'True', 'use_experimental_parser': 'False', 'no_print': 'None', 'quiet': 'False', 'warn_error_options': 'WarnErrorOptions(include=[], exclude=[])', 'static_parser': 'True', 'log_format': 'default', 'introspect': 'True', 'target_path': 'None', 'send_anonymous_usage_stats': 'True'}
[0m00:44:36.319900 [error] [MainThread]: Encountered an error:
Runtime Error
  No dbt_project.yml found at expected path /Users/shubhampriyadarshi/PycharmProjects/PacktAPI/dbt_project.yml
  Verify that each entry within packages.yml (and their transitive dependencies) contains a file named dbt_project.yml
  
[0m00:44:36.320371 [debug] [MainThread]: Command `dbt test` failed at 00:44:36.320268 after 0.03 seconds
[0m00:44:36.320573 [debug] [MainThread]: Sending event: {'category': 'dbt', 'action': 'invocation', 'label': 'end', 'context': [<snowplow_tracker.self_describing_json.SelfDescribingJson object at 0x10737d290>, <snowplow_tracker.self_describing_json.SelfDescribingJson object at 0x1073647d0>, <snowplow_tracker.self_describing_json.SelfDescribingJson object at 0x10710eed0>]}
[0m00:44:36.320772 [debug] [MainThread]: Flushing usage events
