[2023-07-05T17:49:26.088+0530] {taskinstance.py:1103} INFO - Dependencies all met for dep_context=non-requeueable deps ti=<TaskInstance: stackexchange_elt.api_extract_load manual__2023-07-05T12:19:19.316881+00:00 [queued]>
[2023-07-05T17:49:26.092+0530] {taskinstance.py:1103} INFO - Dependencies all met for dep_context=requeueable deps ti=<TaskInstance: stackexchange_elt.api_extract_load manual__2023-07-05T12:19:19.316881+00:00 [queued]>
[2023-07-05T17:49:26.093+0530] {taskinstance.py:1308} INFO - Starting attempt 1 of 2
[2023-07-05T17:49:26.103+0530] {taskinstance.py:1327} INFO - Executing <Task(BashOperator): api_extract_load> on 2023-07-05 12:19:19.316881+00:00
[2023-07-05T17:49:26.107+0530] {standard_task_runner.py:57} INFO - Started process 76013 to run task
[2023-07-05T17:49:26.112+0530] {standard_task_runner.py:84} INFO - Running: ['airflow', 'tasks', 'run', 'stackexchange_elt', 'api_extract_load', 'manual__2023-07-05T12:19:19.316881+00:00', '--job-id', '75', '--raw', '--subdir', 'DAGS_FOLDER/load_data_dag.py', '--cfg-path', '/var/folders/1q/9_fjtq3x20g5lbhb24f74l380000gn/T/tmpzffr8l_t']
[2023-07-05T17:49:26.114+0530] {standard_task_runner.py:85} INFO - Job 75: Subtask api_extract_load
[2023-07-05T17:49:26.146+0530] {task_command.py:410} INFO - Running <TaskInstance: stackexchange_elt.api_extract_load manual__2023-07-05T12:19:19.316881+00:00 [running]> on host shubhams-macbook-air.local
[2023-07-05T17:49:26.198+0530] {taskinstance.py:1545} INFO - Exporting env vars: AIRFLOW_CTX_DAG_EMAIL='your-email@example.com' AIRFLOW_CTX_DAG_OWNER='admin' AIRFLOW_CTX_DAG_ID='stackexchange_elt' AIRFLOW_CTX_TASK_ID='api_extract_load' AIRFLOW_CTX_EXECUTION_DATE='2023-07-05T12:19:19.316881+00:00' AIRFLOW_CTX_TRY_NUMBER='1' AIRFLOW_CTX_DAG_RUN_ID='manual__2023-07-05T12:19:19.316881+00:00'
[2023-07-05T17:49:26.200+0530] {subprocess.py:63} INFO - Tmp dir root location: /var/folders/1q/9_fjtq3x20g5lbhb24f74l380000gn/T
[2023-07-05T17:49:26.201+0530] {subprocess.py:75} INFO - Running command: ['/bin/bash', '-c', 'curl http://localhost:8000/apiv1/load-data']
[2023-07-05T17:49:26.207+0530] {subprocess.py:86} INFO - Output:
[2023-07-05T17:49:26.230+0530] {subprocess.py:93} INFO -   % Total    % Received % Xferd  Average Speed   Time    Time     Time  Current
[2023-07-05T17:49:26.230+0530] {subprocess.py:93} INFO -                                  Dload  Upload   Total   Spent    Left  Speed
[2023-07-05T17:49:26.235+0530] {subprocess.py:93} INFO -   0     0    0     0    0     0      0      0 --:--:-- --:--:-- --:--:--     0100    22  100    22    0     0   2063      0 --:--:-- --:--:-- --:--:--  4400
[2023-07-05T17:49:26.235+0530] {subprocess.py:93} INFO - {"detail":"Not Found"}
[2023-07-05T17:49:26.236+0530] {subprocess.py:97} INFO - Command exited with return code 0
[2023-07-05T17:49:26.253+0530] {taskinstance.py:1345} INFO - Marking task as SUCCESS. dag_id=stackexchange_elt, task_id=api_extract_load, execution_date=20230705T121919, start_date=20230705T121926, end_date=20230705T121926
[2023-07-05T17:49:26.303+0530] {local_task_job_runner.py:225} INFO - Task exited with return code 0
[2023-07-05T17:49:26.326+0530] {taskinstance.py:2653} INFO - 1 downstream tasks scheduled from follow-on schedule check
